<?xml version="1.0" encoding="UTF-8"?>
<testsuite xmlns:xsi="http://www.w3.org/2001/XMLSchema-instance" xsi:noNamespaceSchemaLocation="https://maven.apache.org/surefire/maven-surefire-plugin/xsd/surefire-test-report.xsd" name="TestSuite" time="33.214" tests="2" errors="0" skipped="0" failures="1">
  <properties>
[...]
</properties>
  <testcase name="loginTest" classname="com.inetbanking.testcases.TC_001_Login" time="2.047"/>
  <testcase name="addNewCustomer" classname="com.inetbanking.testcases.TC_003_AddCustomer" time="13.499">
    <failure type="java.lang.AssertionError">java.lang.AssertionError
	at com.inetbanking.testcases.TC_003_AddCustomer.addNewCustomer(TC_003_AddCustomer.java:47)
</failure>
    <system-out><![CDATA[ INFO [main] (TC_003_AddCustomer.java:17)- Username is provided
 INFO [main] (TC_003_AddCustomer.java:19)- Password is provided
 INFO [main] (TC_003_AddCustomer.java:26)- Providing new customer details...
 INFO [main] (TC_003_AddCustomer.java:41)- Validation started
Screenshot taken
]]></system-out>
    <system-err><![CDATA[Starting ChromeDriver 88.0.4324.96 (68dba2d8a0b149a1d3afac56fa74648032bcf46b-refs/branch-heads/4324@{#1784}) on port 26962
Only local connections are allowed.
Please see https://chromedriver.chromium.org/security-considerations for suggestions on keeping ChromeDriver safe.
ChromeDriver was started successfully.
Feb 08, 2021 9:22:09 PM org.openqa.selenium.remote.ProtocolHandshake createSession
INFO: Detected dialect: W3C
]]></system-err>
  </testcase>
</testsuite>